java.io.IOException: Cannot run program "/Users/alt/Library/Caches/Coursier/arc/https/github.com/adoptium/temurin19-binaries/releases/download/jdk-19%252B36/OpenJDK19U-jdk_x64_mac_hotspot_19_36.tar.gz/jdk-19+36/Contents/Home/bin/java" (in directory "/Users/alt/Projects/wishingtreedev/branch"): error=2, No such file or directory
  java.base@17.0.6/java.lang.ProcessBuilder.start(ProcessBuilder.java:1143)
  java.base@17.0.6/java.lang.ProcessBuilder.start(ProcessBuilder.java:1073)
  os.proc.proc$lzyINIT1$1(ProcessOps.scala:138)
  os.proc.proc$1(ProcessOps.scala:142)
  os.proc.spawn(ProcessOps.scala:144)
  os.proc.call(ProcessOps.scala:87)
  scala.build.internal.OsLibc$.javaVersion(OsLibc.scala:80)
  scala.build.options.BuildOptions$JavaHomeInfo$.apply(BuildOptions.scala:617)
  scala.build.options.BuildOptions.javaCommand0$lzyINIT1$$anonfun$1(BuildOptions.scala:243)
  scala.build.Positioned.map(Positioned.scala:15)
  scala.build.options.BuildOptions.javaCommand0$lzyINIT1(BuildOptions.scala:243)
  scala.build.options.BuildOptions.javaCommand0(BuildOptions.scala:243)
  scala.build.options.BuildOptions.javaHome(BuildOptions.scala:251)
  scala.cli.commands.repl.Repl$.maybeRunRepl$1(Repl.scala:410)
  scala.cli.commands.repl.Repl$.runRepl$$anonfun$1(Repl.scala:476)
  scala.runtime.function.JProcedure1.apply(JProcedure1.java:15)
  scala.runtime.function.JProcedure1.apply(JProcedure1.java:10)
  scala.build.EitherCps$Helper.apply(EitherCps.scala:19)
  scala.cli.commands.repl.Repl$.runRepl(Repl.scala:478)
  scala.cli.commands.repl.Repl$.doRunRepl$1(Repl.scala:144)
  scala.cli.commands.repl.Repl$.runThing$1(Repl.scala:195)
  scala.cli.commands.repl.Repl$.runCommand(Repl.scala:198)
  scala.cli.commands.default.Default.runCommand(Default.scala:53)
  scala.cli.commands.default.Default.runCommand(Default.scala:40)
  scala.cli.commands.ScalaCommand.run(ScalaCommand.scala:388)
  scala.cli.commands.ScalaCommand.run(ScalaCommand.scala:369)
  caseapp.core.app.CaseApp.main(CaseApp.scala:157)
  scala.cli.commands.ScalaCommand.main(ScalaCommand.scala:354)
  caseapp.core.app.CommandsEntryPoint.main(CommandsEntryPoint.scala:169)
  scala.cli.ScalaCliCommands.main(ScalaCliCommands.scala:125)
  scala.cli.ScalaCli$.main0(ScalaCli.scala:295)
  scala.cli.ScalaCli$.main(ScalaCli.scala:119)
  scala.cli.ScalaCli.main(ScalaCli.scala)
java.io.IOException: error=2, No such file or directory
  java.base@17.0.6/java.lang.ProcessImpl.forkAndExec(ProcessImpl.java)
  java.base@17.0.6/java.lang.ProcessImpl.<init>(ProcessImpl.java:314)
  java.base@17.0.6/java.lang.ProcessImpl.start(ProcessImpl.java:244)
  java.base@17.0.6/java.lang.ProcessBuilder.start(ProcessBuilder.java:1110)
  java.base@17.0.6/java.lang.ProcessBuilder.start(ProcessBuilder.java:1073)
  os.proc.proc$lzyINIT1$1(ProcessOps.scala:138)
  os.proc.proc$1(ProcessOps.scala:142)
  os.proc.spawn(ProcessOps.scala:144)
  os.proc.call(ProcessOps.scala:87)
  scala.build.internal.OsLibc$.javaVersion(OsLibc.scala:80)
  scala.build.options.BuildOptions$JavaHomeInfo$.apply(BuildOptions.scala:617)
  scala.build.options.BuildOptions.javaCommand0$lzyINIT1$$anonfun$1(BuildOptions.scala:243)
  scala.build.Positioned.map(Positioned.scala:15)
  scala.build.options.BuildOptions.javaCommand0$lzyINIT1(BuildOptions.scala:243)
  scala.build.options.BuildOptions.javaCommand0(BuildOptions.scala:243)
  scala.build.options.BuildOptions.javaHome(BuildOptions.scala:251)
  scala.cli.commands.repl.Repl$.maybeRunRepl$1(Repl.scala:410)
  scala.cli.commands.repl.Repl$.runRepl$$anonfun$1(Repl.scala:476)
  scala.runtime.function.JProcedure1.apply(JProcedure1.java:15)
  scala.runtime.function.JProcedure1.apply(JProcedure1.java:10)
  scala.build.EitherCps$Helper.apply(EitherCps.scala:19)
  scala.cli.commands.repl.Repl$.runRepl(Repl.scala:478)
  scala.cli.commands.repl.Repl$.doRunRepl$1(Repl.scala:144)
  scala.cli.commands.repl.Repl$.runThing$1(Repl.scala:195)
  scala.cli.commands.repl.Repl$.runCommand(Repl.scala:198)
  scala.cli.commands.default.Default.runCommand(Default.scala:53)
  scala.cli.commands.default.Default.runCommand(Default.scala:40)
  scala.cli.commands.ScalaCommand.run(ScalaCommand.scala:388)
  scala.cli.commands.ScalaCommand.run(ScalaCommand.scala:369)
  caseapp.core.app.CaseApp.main(CaseApp.scala:157)
  scala.cli.commands.ScalaCommand.main(ScalaCommand.scala:354)
  caseapp.core.app.CommandsEntryPoint.main(CommandsEntryPoint.scala:169)
  scala.cli.ScalaCliCommands.main(ScalaCliCommands.scala:125)
  scala.cli.ScalaCli$.main0(ScalaCli.scala:295)
  scala.cli.ScalaCli$.main(ScalaCli.scala:119)
  scala.cli.ScalaCli.main(ScalaCli.scala)
